
*lrs:lrslib v.4.2a, 2005.11.20(32bit,lrsgmp.h gmp v.4.1)
*Copyright (C) 1995,2005, David Avis   avis@cs.mcgill.ca 
*Input taken from file Cube3.ext
*printcobasis
*allbases
H-representation
begin
***** 4 rational
F#1 B#1 h=0 vertices/rays  4 6 7* 8 I#4 det= 8 
 1 -1  0  0 
F#2 B#1 h=0 vertices/rays  4 6* 7 8 I#4 det= 8 
 1  0 -1  0 
F#3 B#1 h=0 vertices/rays  4* 6 7 8 I#4 det= 8 
 1  0  0 -1 
F#4 B#2 h=1 vertices/rays  4* 5 6 7 I#4 det= 8 
 1  0  0 -1 
F#5 B#3 h=2 vertices/rays  3 4 5* 7 I#4 det= 8 
 1  0 -1  0 
F#6 B#3 h=2 vertices/rays  3 4* 5 7 I#4 det= 8 
 1  1  0  0 
F#7 B#4 h=3 vertices/rays  2 3 4 5* I#4 det= 8 
 1  0  0  1 
F#8 B#5 h=4 vertices/rays  1 2 3 5* I#4 det= 8 
 1  0  0  1 
F#9 B#5 h=4 vertices/rays  1 2* 3 5 I#4 det= 8 
 1  1  0  0 
F#10 B#5 h=4 vertices/rays  1 2 3* 5 I#4 det= 8 
 1  0  1  0 
F#11 B#6 h=2 vertices/rays  2 4 5* 6 I#4 det= 8 
 1 -1  0  0 
F#12 B#6 h=2 vertices/rays  2 4* 5 6 I#4 det= 8 
 1  0  1  0 
end
*Volume= 8 
*Totals: facets=12 bases=6
*Note! Duplicate facets may be present
*lrs:lrslib v.4.2a, 2005.11.20(32bit,lrsgmp.h)
*0.000u 0.001s 0Kb 0 flts 0 swaps 0 blks-in 0 blks-out 


